<?xml version="1.0" encoding="UTF-8"?>
<testsuite xmlns:xsi="http://www.w3.org/2001/XMLSchema-instance" xsi:noNamespaceSchemaLocation="https://maven.apache.org/surefire/maven-surefire-plugin/xsd/surefire-test-report-3.0.xsd" version="3.0" name="com.mycompany.st10452402part2prog5121.ST10452402PART2PROG5121Test" time="0.108" tests="27" errors="0" skipped="0" failures="0">
  <properties>
[...]
</properties>
  <testcase name="testUsernameIncorrectlyFormattedMessage" classname="com.mycompany.st10452402part2prog5121.ST10452402PART2PROG5121Test" time="0.018"/>
  <testcase name="testMessage2HashGeneration" classname="com.mycompany.st10452402part2prog5121.ST10452402PART2PROG5121Test" time="0.009"/>
  <testcase name="testCellNumberCorrectlyFormattedMessage" classname="com.mycompany.st10452402part2prog5121.ST10452402PART2PROG5121Test" time="0.003"/>
  <testcase name="testMessageHashGeneration" classname="com.mycompany.st10452402part2prog5121.ST10452402PART2PROG5121Test" time="0.0"/>
  <testcase name="testPhoneNumberCorrectlyFormattedBoolean" classname="com.mycompany.st10452402part2prog5121.ST10452402PART2PROG5121Test" time="0.0"/>
  <testcase name="testLoginSuccess" classname="com.mycompany.st10452402part2prog5121.ST10452402PART2PROG5121Test" time="0.0"/>
  <testcase name="testMessageSentStatus" classname="com.mycompany.st10452402part2prog5121.ST10452402PART2PROG5121Test" time="0.001"/>
  <testcase name="testCellNumberIncorrectlyFormattedMessage" classname="com.mycompany.st10452402part2prog5121.ST10452402PART2PROG5121Test" time="0.002"/>
  <testcase name="testLoginFail" classname="com.mycompany.st10452402part2prog5121.ST10452402PART2PROG5121Test" time="0.001"/>
  <testcase name="testValidMessageLength" classname="com.mycompany.st10452402part2prog5121.ST10452402PART2PROG5121Test" time="0.0"/>
  <testcase name="testPasswordMeetsComplexityBoolean" classname="com.mycompany.st10452402part2prog5121.ST10452402PART2PROG5121Test" time="0.001"/>
  <testcase name="testMessage2RecipientValid" classname="com.mycompany.st10452402part2prog5121.ST10452402PART2PROG5121Test" time="0.0"/>
  <testcase name="testPhoneNumberIncorrectlyFormattedBoolean" classname="com.mycompany.st10452402part2prog5121.ST10452402PART2PROG5121Test" time="0.001"/>
  <testcase name="testMessage2SendStatus" classname="com.mycompany.st10452402part2prog5121.ST10452402PART2PROG5121Test" time="0.001"/>
  <testcase name="testMessageDisregardedStatus" classname="com.mycompany.st10452402part2prog5121.ST10452402PART2PROG5121Test" time="0.001"/>
  <testcase name="testPasswordFailsComplexityBoolean" classname="com.mycompany.st10452402part2prog5121.ST10452402PART2PROG5121Test" time="0.002"/>
  <testcase name="testInvalidMessageLength" classname="com.mycompany.st10452402part2prog5121.ST10452402PART2PROG5121Test" time="0.003"/>
  <testcase name="testUsernameCorrectlyFormattedBoolean" classname="com.mycompany.st10452402part2prog5121.ST10452402PART2PROG5121Test" time="0.001"/>
  <testcase name="testPasswordIncorrectlyFormattedMessage" classname="com.mycompany.st10452402part2prog5121.ST10452402PART2PROG5121Test" time="0.001"/>
  <testcase name="testPasswordCorrectlyFormattedMessage" classname="com.mycompany.st10452402part2prog5121.ST10452402PART2PROG5121Test" time="0.001"/>
  <testcase name="testMessage2LengthValidation" classname="com.mycompany.st10452402part2prog5121.ST10452402PART2PROG5121Test" time="0.001"/>
  <testcase name="testUsernameIncorrectlyFormattedBoolean" classname="com.mycompany.st10452402part2prog5121.ST10452402PART2PROG5121Test" time="0.001"/>
  <testcase name="testMessageIdIsGenerated" classname="com.mycompany.st10452402part2prog5121.ST10452402PART2PROG5121Test" time="0.001"/>
  <testcase name="testUsernameCorrectlyFormattedMessage" classname="com.mycompany.st10452402part2prog5121.ST10452402PART2PROG5121Test" time="0.004"/>
  <testcase name="testMessageStoredStatus" classname="com.mycompany.st10452402part2prog5121.ST10452402PART2PROG5121Test" time="0.001"/>
  <testcase name="testRecipientPhoneNumberCorrectFormat" classname="com.mycompany.st10452402part2prog5121.ST10452402PART2PROG5121Test" time="0.001"/>
  <testcase name="testRecipientPhoneNumberIncorrectFormat" classname="com.mycompany.st10452402part2prog5121.ST10452402PART2PROG5121Test" time="0.001"/>
</testsuite>